Raw POST Data:
Array
(
)
Raw POST Data:
Array
(
)
Sanitized Data:
Array
(
    [query_id] => INS-291728
    [full_name] => 
    [email] => 
    [phone] => 
    [insurance_provider] => 
    [policy_number] => 
    [query_type] => 
    [message] => 
)
Array
(
    [query_id] => INS-291728
    [full_name] => 
    [email] => 
    [phone] => 
    [insurance_provider] => 
    [policy_number] => 
    [query_type] => 
    [message] => 
)
Raw POST Data:
Array
(
)
Raw POST Data:
Array
(
)
Raw POST Data:
Array
(
    [full-name] => syed mohammad sameer
    [phone] => 8555874237
    [email] => sdsameer20042006@gmail.com
    [insurance-provider] => sameer
    [policy-number] => 786
    [query-type] => cashless
    [query-details] => i want to get insurance
)
Raw POST Data:
Array
(
    [full-name] => syed mohammad sameer
    [phone] => 8555874237
    [email] => sdsameer20042006@gmail.com
    [insurance-provider] => sameer
    [policy-number] => 786
    [query-type] => cashless
    [query-details] => i want to get insurance
)
Raw POST Data:
Array
(
    [full-name] => syed mohammad sameer
    [phone] => 8555874237
    [email] => sdsameer20042006@gmail.com
    [insurance-provider] => sameer
    [policy-number] => 786
    [query-type] => cashless
    [query-details] => i want to get insurance
)
Sanitized Data:
Array
(
    [query_id] => INS-859533
    [full_name] => syed mohammad sameer
    [email] => sdsameer20042006@gmail.com
    [phone] => 8555874237
    [insurance_provider] => sameer
    [policy_number] => 786
    [query_type] => cashless
    [message] => i want to get insurance
)
Array
(
    [query_id] => INS-859533
    [full_name] => syed mohammad sameer
    [email] => sdsameer20042006@gmail.com
    [phone] => 8555874237
    [insurance_provider] => sameer
    [policy_number] => 786
    [query_type] => cashless
    [message] => i want to get insurance
)
Raw POST Data:
Array
(
    [full-name] => bhavana
    [phone] => 729370928-2
    [email] => bhavana@98gmail.com
    [insurance-provider] => 567890
    [policy-number] => 1234567890
    [query-type] => reimbursement
    [query-details] => ntg
)
Raw POST Data:
Array
(
    [full-name] => bhavana
    [phone] => 729370928-2
    [email] => bhavana@98gmail.com
    [insurance-provider] => 567890
    [policy-number] => 1234567890
    [query-type] => reimbursement
    [query-details] => ntg
)
Sanitized Data:
Array
(
    [query_id] => INS-765162
    [full_name] => bhavana
    [email] => bhavana@98gmail.com
    [phone] => 729370928-2
    [insurance_provider] => 567890
    [policy_number] => 1234567890
    [query_type] => reimbursement
    [message] => ntg
)
Array
(
    [query_id] => INS-765162
    [full_name] => bhavana
    [email] => bhavana@98gmail.com
    [phone] => 729370928-2
    [insurance_provider] => 567890
    [policy_number] => 1234567890
    [query_type] => reimbursement
    [message] => ntg
)
Raw POST Data:
Array
(
    [full-name] => bhavana
    [phone] => 7293709282
    [email] => bhavana@98gmail.com
    [insurance-provider] => 567890
    [policy-number] => 1234567890
    [query-type] => cashless
    [query-details] => dfgrhtjykul;
)
Raw POST Data:
Array
(
    [full-name] => bhavana
    [phone] => 7293709282
    [email] => bhavana@98gmail.com
    [insurance-provider] => 567890
    [policy-number] => 1234567890
    [query-type] => cashless
    [query-details] => dfgrhtjykul;
)
Sanitized Data:
Array
(
    [query_id] => INS-233931
    [full_name] => bhavana
    [email] => bhavana@98gmail.com
    [phone] => 7293709282
    [insurance_provider] => 567890
    [policy_number] => 1234567890
    [query_type] => cashless
    [message] => dfgrhtjykul;
)
Array
(
    [query_id] => INS-233931
    [full_name] => bhavana
    [email] => bhavana@98gmail.com
    [phone] => 7293709282
    [insurance_provider] => 567890
    [policy_number] => 1234567890
    [query_type] => cashless
    [message] => dfgrhtjykul;
)
